/Applications/CLion.app/Contents/bin/cmake/mac/aarch64/bin/cmake -DCMAKE_BUILD_TYPE=Debug -DCMAKE_MAKE_PROGRAM=/Applications/CLion.app/Contents/bin/ninja/mac/aarch64/ninja -G Ninja -S /Users/marcin/esp/IntelligentStationForGrowingPlants -B /Users/marcin/esp/IntelligentStationForGrowingPlants/cmake-build-debug
CMake Error at CMakeLists.txt:5 (include):
  include could not find requested file:

    /tools/cmake/project.cmake


CMake Warning at /Applications/CLion.app/Contents/bin/cmake/mac/aarch64/share/cmake-3.27/Modules/Platform/Darwin-Initialize.cmake:306 (message):
  Ignoring CMAKE_OSX_SYSROOT value:

   /Applications/Xcode.app/Contents/Developer/Platforms/MacOSX.platform/Developer/SDKs/MacOSX14.0.sdk

  because the directory does not exist.
Call Stack (most recent call first):
  /Applications/CLion.app/Contents/bin/cmake/mac/aarch64/share/cmake-3.27/Modules/CMakeSystemSpecificInitialize.cmake:34 (include)
  CMakeLists.txt:6 (project)


-- The C compiler identification is AppleClang 15.0.0.15000100
-- The CXX compiler identification is AppleClang 15.0.0.15000100
-- Detecting C compiler ABI info
-- Detecting C compiler ABI info - failed
-- Check for working C compiler: /Applications/Xcode.app/Contents/Developer/Toolchains/XcodeDefault.xctoolchain/usr/bin/cc
-- Check for working C compiler: /Applications/Xcode.app/Contents/Developer/Toolchains/XcodeDefault.xctoolchain/usr/bin/cc - broken
CMake Error at /Applications/CLion.app/Contents/bin/cmake/mac/aarch64/share/cmake-3.27/Modules/CMakeTestCCompiler.cmake:67 (message):
  The C compiler

    "/Applications/Xcode.app/Contents/Developer/Toolchains/XcodeDefault.xctoolchain/usr/bin/cc"

  is not able to compile a simple test program.

  It fails with the following output:

    Change Dir: '/Users/marcin/esp/IntelligentStationForGrowingPlants/cmake-build-debug/CMakeFiles/CMakeScratch/TryCompile-Ytpn2F'
    
    Run Build Command(s): /Applications/CLion.app/Contents/bin/ninja/mac/aarch64/ninja -v cmTC_c3861
    [1/2] /Applications/Xcode.app/Contents/Developer/Toolchains/XcodeDefault.xctoolchain/usr/bin/cc   -arch arm64 -fcolor-diagnostics -MD -MT CMakeFiles/cmTC_c3861.dir/testCCompiler.c.o -MF CMakeFiles/cmTC_c3861.dir/testCCompiler.c.o.d -o CMakeFiles/cmTC_c3861.dir/testCCompiler.c.o -c /Users/marcin/esp/IntelligentStationForGrowingPlants/cmake-build-debug/CMakeFiles/CMakeScratch/TryCompile-Ytpn2F/testCCompiler.c
    [2/2] : && /Applications/Xcode.app/Contents/Developer/Toolchains/XcodeDefault.xctoolchain/usr/bin/cc -arch arm64 -Wl,-search_paths_first -Wl,-headerpad_max_install_names  CMakeFiles/cmTC_c3861.dir/testCCompiler.c.o -o cmTC_c3861   && :
    FAILED: cmTC_c3861 
    : && /Applications/Xcode.app/Contents/Developer/Toolchains/XcodeDefault.xctoolchain/usr/bin/cc -arch arm64 -Wl,-search_paths_first -Wl,-headerpad_max_install_names  CMakeFiles/cmTC_c3861.dir/testCCompiler.c.o -o cmTC_c3861   && :
    ld: library 'System' not found
    clang: error: linker command failed with exit code 1 (use -v to see invocation)
    ninja: build stopped: subcommand failed.
    
    

  

  CMake will not be able to correctly generate this project.
Call Stack (most recent call first):
  CMakeLists.txt:6 (project)


-- Configuring incomplete, errors occurred!
